[    0.000000] Linux version 4.15.0-65-generic (buildd@lgw01-amd64-006) (gcc version 7.4.0 (Ubuntu 7.4.0-1ubuntu1~18.04.1)) #74-Ubuntu SMP Tue Sep 17 17:06:04 UTC 2019 (Ubuntu 4.15.0-65.74-generic 4.15.18)
[    0.000000] Command line: BOOT_IMAGE=/boot/vmlinuz-4.15.0-65-generic root=LABEL=cloudimg-rootfs ro console=tty1 console=ttyS0
[    0.000000] KERNEL supported cpus:
[    0.000000]   Intel GenuineIntel
[    0.000000]   AMD AuthenticAMD
[    0.000000]   Centaur CentaurHauls
[    0.000000] x86/fpu: Supporting XSAVE feature 0x001: 'x87 floating point registers'
[    0.000000] x86/fpu: Supporting XSAVE feature 0x002: 'SSE registers'
[    0.000000] x86/fpu: Supporting XSAVE feature 0x004: 'AVX registers'
[    0.000000] x86/fpu: xstate_offset[2]:  576, xstate_sizes[2]:  256
[    0.000000] x86/fpu: Enabled xstate features 0x7, context size is 832 bytes, using 'standard' format.
[    0.000000] e820: BIOS-provided physical RAM map:
[    0.000000] BIOS-e820: [mem 0x0000000000000000-0x000000000009fbff] usable
[    0.000000] BIOS-e820: [mem 0x000000000009fc00-0x000000000009ffff] reserved
[    0.000000] BIOS-e820: [mem 0x00000000000f0000-0x00000000000fffff] reserved
[    0.000000] BIOS-e820: [mem 0x0000000000100000-0x00000000dffeffff] usable
[    0.000000] BIOS-e820: [mem 0x00000000dfff0000-0x00000000dfffffff] ACPI data
[    0.000000] BIOS-e820: [mem 0x00000000fec00000-0x00000000fec00fff] reserved
[    0.000000] BIOS-e820: [mem 0x00000000fee00000-0x00000000fee00fff] reserved
[    0.000000] BIOS-e820: [mem 0x00000000fffc0000-0x00000000ffffffff] reserved
[    0.000000] BIOS-e820: [mem 0x0000000100000000-0x000000011fffffff] usable
[    0.000000] NX (Execute Disable) protection: active
[    0.000000] SMBIOS 2.5 present.
[    0.000000] DMI: innotek GmbH VirtualBox/VirtualBox, BIOS VirtualBox 12/01/2006
[    0.000000] Hypervisor detected: KVM
[    0.000000] e820: last_pfn = 0x120000 max_arch_pfn = 0x400000000
[    0.000000] MTRR: Disabled
[    0.000000] x86/PAT: MTRRs disabled, skipping PAT initialization too.
[    0.000000] CPU MTRRs all blank - virtualized system.
[    0.000000] x86/PAT: Configuration [0-7]: WB  WT  UC- UC  WB  WT  UC- UC  
[    0.000000] e820: last_pfn = 0xdfff0 max_arch_pfn = 0x400000000
[    0.000000] found SMP MP-table at [mem 0x0009fff0-0x0009ffff]
[    0.000000] Scanning 1 areas for low memory corruption
[    0.000000] RAMDISK: [mem 0x35a8d000-0x36d3dfff]
[    0.000000] ACPI: Early table checksum verification disabled
[    0.000000] ACPI: RSDP 0x00000000000E0000 000024 (v02 VBOX  )
[    0.000000] ACPI: XSDT 0x00000000DFFF0030 00003C (v01 VBOX   VBOXXSDT 00000001 ASL  00000061)
[    0.000000] ACPI: FACP 0x00000000DFFF00F0 0000F4 (v04 VBOX   VBOXFACP 00000001 ASL  00000061)
[    0.000000] ACPI: DSDT 0x00000000DFFF0470 0022EA (v02 VBOX   VBOXBIOS 00000002 INTL 20100528)
[    0.000000] ACPI: FACS 0x00000000DFFF0200 000040
[    0.000000] ACPI: FACS 0x00000000DFFF0200 000040
[    0.000000] ACPI: APIC 0x00000000DFFF0240 00005C (v02 VBOX   VBOXAPIC 00000001 ASL  00000061)
[    0.000000] ACPI: SSDT 0x00000000DFFF02A0 0001CC (v01 VBOX   VBOXCPUT 00000002 INTL 20100528)
[    0.000000] No NUMA configuration found
[    0.000000] Faking a node at [mem 0x0000000000000000-0x000000011fffffff]
[    0.000000] NODE_DATA(0) allocated [mem 0x11ffd1000-0x11fffbfff]
[    0.000000] kvm-clock: cpu 0, msr 1:1ff50001, primary cpu clock
[    0.000000] kvm-clock: Using msrs 4b564d01 and 4b564d00
[    0.000000] kvm-clock: using sched offset of 4096543522 cycles
[    0.000000] clocksource: kvm-clock: mask: 0xffffffffffffffff max_cycles: 0x1cd42e4dffb, max_idle_ns: 881590591483 ns
[    0.000000] Zone ranges:
[    0.000000]   DMA      [mem 0x0000000000001000-0x0000000000ffffff]
[    0.000000]   DMA32    [mem 0x0000000001000000-0x00000000ffffffff]
[    0.000000]   Normal   [mem 0x0000000100000000-0x000000011fffffff]
[    0.000000]   Device   empty
[    0.000000] Movable zone start for each node
[    0.000000] Early memory node ranges
[    0.000000]   node   0: [mem 0x0000000000001000-0x000000000009efff]
[    0.000000]   node   0: [mem 0x0000000000100000-0x00000000dffeffff]
[    0.000000]   node   0: [mem 0x0000000100000000-0x000000011fffffff]
[    0.000000] Reserved but unavailable: 98 pages
[    0.000000] Initmem setup node 0 [mem 0x0000000000001000-0x000000011fffffff]
[    0.000000] ACPI: PM-Timer IO Port: 0x4008
[    0.000000] IOAPIC[0]: apic_id 2, version 32, address 0xfec00000, GSI 0-23
[    0.000000] ACPI: INT_SRC_OVR (bus 0 bus_irq 0 global_irq 2 dfl dfl)
[    0.000000] ACPI: INT_SRC_OVR (bus 0 bus_irq 9 global_irq 9 low level)
[    0.000000] Using ACPI (MADT) for SMP configuration information
[    0.000000] smpboot: Allowing 2 CPUs, 0 hotplug CPUs
[    0.000000] PM: Registered nosave memory: [mem 0x00000000-0x00000fff]
[    0.000000] PM: Registered nosave memory: [mem 0x0009f000-0x0009ffff]
[    0.000000] PM: Registered nosave memory: [mem 0x000a0000-0x000effff]
[    0.000000] PM: Registered nosave memory: [mem 0x000f0000-0x000fffff]
[    0.000000] PM: Registered nosave memory: [mem 0xdfff0000-0xdfffffff]
[    0.000000] PM: Registered nosave memory: [mem 0xe0000000-0xfebfffff]
[    0.000000] PM: Registered nosave memory: [mem 0xfec00000-0xfec00fff]
[    0.000000] PM: Registered nosave memory: [mem 0xfec01000-0xfedfffff]
[    0.000000] PM: Registered nosave memory: [mem 0xfee00000-0xfee00fff]
[    0.000000] PM: Registered nosave memory: [mem 0xfee01000-0xfffbffff]
[    0.000000] PM: Registered nosave memory: [mem 0xfffc0000-0xffffffff]
[    0.000000] e820: [mem 0xe0000000-0xfebfffff] available for PCI devices
[    0.000000] Booting paravirtualized kernel on KVM
[    0.000000] clocksource: refined-jiffies: mask: 0xffffffff max_cycles: 0xffffffff, max_idle_ns: 7645519600211568 ns
[    0.000000] random: get_random_bytes called from start_kernel+0x99/0x4fd with crng_init=0
[    0.000000] setup_percpu: NR_CPUS:8192 nr_cpumask_bits:2 nr_cpu_ids:2 nr_node_ids:1
[    0.000000] percpu: Embedded 46 pages/cpu s151552 r8192 d28672 u1048576
[    0.000000] PV qspinlock hash table entries: 256 (order: 0, 4096 bytes)
[    0.000000] Built 1 zonelists, mobility grouping on.  Total pages: 1032057
[    0.000000] Policy zone: Normal
[    0.000000] Kernel command line: BOOT_IMAGE=/boot/vmlinuz-4.15.0-65-generic root=LABEL=cloudimg-rootfs ro console=tty1 console=ttyS0
[    0.000000] Memory: 4014048K/4193848K available (12300K kernel code, 2481K rwdata, 4256K rodata, 2436K init, 2388K bss, 179800K reserved, 0K cma-reserved)
[    0.000000] SLUB: HWalign=64, Order=0-3, MinObjects=0, CPUs=2, Nodes=1
[    0.000000] Kernel/User page tables isolation: enabled
[    0.000000] ftrace: allocating 39301 entries in 154 pages
[    0.004000] Hierarchical RCU implementation.
[    0.004000] 	RCU restricting CPUs from NR_CPUS=8192 to nr_cpu_ids=2.
[    0.004000] 	Tasks RCU enabled.
[    0.004000] RCU: Adjusting geometry for rcu_fanout_leaf=16, nr_cpu_ids=2
[    0.004000] NR_IRQS: 524544, nr_irqs: 440, preallocated irqs: 16
[    0.004000] Console: colour VGA+ 80x25
[    0.004000] console [tty1] enabled
[    0.004000] console [ttyS0] enabled
[    0.004000] ACPI: Core revision 20170831
[    0.004000] ACPI: 2 ACPI AML tables successfully acquired and loaded
[    0.004000] APIC: Switch to symmetric I/O mode setup
[    0.004000] x2apic enabled
[    0.004000] Switched APIC routing to physical x2apic.
[    0.004000] ..TIMER: vector=0x30 apic1=0 pin1=2 apic2=-1 pin2=-1
[    0.004005] tsc: Detected 2303.998 MHz processor
[    0.008013] Calibrating delay loop (skipped) preset value.. 4607.99 BogoMIPS (lpj=9215992)
[    0.012006] pid_max: default: 32768 minimum: 301
[    0.013511] Security Framework initialized
[    0.014743] Yama: becoming mindful.
[    0.016028] AppArmor: AppArmor initialized
[    0.022281] Dentry cache hash table entries: 524288 (order: 10, 4194304 bytes)
[    0.026323] Inode-cache hash table entries: 262144 (order: 9, 2097152 bytes)
[    0.028026] Mount-cache hash table entries: 8192 (order: 4, 65536 bytes)
[    0.030117] Mountpoint-cache hash table entries: 8192 (order: 4, 65536 bytes)
[    0.032296] Last level iTLB entries: 4KB 64, 2MB 8, 4MB 8
[    0.033835] Last level dTLB entries: 4KB 64, 2MB 0, 4MB 0, 1GB 4
[    0.036003] Spectre V1 : Mitigation: usercopy/swapgs barriers and __user pointer sanitization
[    0.038537] Spectre V2 : Mitigation: Full generic retpoline
[    0.040003] Spectre V2 : Spectre v2 / SpectreRSB mitigation: Filling RSB on context switch
[    0.042157] Speculative Store Bypass: Vulnerable
[    0.044048] MDS: Mitigation: Clear CPU buffers
[    0.045362] Freeing SMP alternatives memory: 36K
[    0.156410] smpboot: CPU0: Intel(R) Core(TM) i9-9880H CPU @ 2.30GHz (family: 0x6, model: 0x9e, stepping: 0xd)
[    0.159935] Performance Events: unsupported p6 CPU model 158 no PMU driver, software events only.
[    0.160042] Hierarchical SRCU implementation.
[    0.161855] NMI watchdog: Perf event create on CPU 0 failed with -2
[    0.164003] NMI watchdog: Perf NMI watchdog permanently disabled
[    0.165960] smp: Bringing up secondary CPUs ...
[    0.172218] x86: Booting SMP configuration:
[    0.174276] .... node  #0, CPUs:      #1
[    0.004000] kvm-clock: cpu 1, msr 1:1ff50041, secondary cpu clock
[    0.180051] smp: Brought up 1 node, 2 CPUs
[    0.181840] smpboot: Max logical packages: 1
[    0.184011] smpboot: Total of 2 processors activated (9215.99 BogoMIPS)
[    0.188117] devtmpfs: initialized
[    0.190050] x86/mm: Memory block size: 128MB
[    0.192378] evm: security.selinux
[    0.194050] evm: security.SMACK64
[    0.195627] evm: security.SMACK64EXEC
[    0.196014] evm: security.SMACK64TRANSMUTE
[    0.200040] evm: security.SMACK64MMAP
[    0.201978] evm: security.apparmor
[    0.203651] evm: security.ima
[    0.204015] evm: security.capability
[    0.205789] clocksource: jiffies: mask: 0xffffffff max_cycles: 0xffffffff, max_idle_ns: 7645041785100000 ns
[    0.208043] futex hash table entries: 512 (order: 3, 32768 bytes)
[    0.212098] pinctrl core: initialized pinctrl subsystem
[    0.216163] RTC time: 17:26:27, date: 03/25/20
[    0.218522] NET: Registered protocol family 16
[    0.220159] audit: initializing netlink subsys (disabled)
[    0.222670] audit: type=2000 audit(1585157193.477:1): state=initialized audit_enabled=0 res=1
[    0.224056] cpuidle: using governor ladder
[    0.228021] cpuidle: using governor menu
[    0.232082] ACPI: bus type PCI registered
[    0.236011] acpiphp: ACPI Hot Plug PCI Controller Driver version: 0.5
[    0.239179] PCI: Using configuration type 1 for base access
[    0.241531] HugeTLB registered 2.00 MiB page size, pre-allocated 0 pages
[    0.244123] ACPI: Added _OSI(Module Device)
[    0.248005] ACPI: Added _OSI(Processor Device)
[    0.249856] ACPI: Added _OSI(3.0 _SCP Extensions)
[    0.252007] ACPI: Added _OSI(Processor Aggregator Device)
[    0.253987] ACPI: Added _OSI(Linux-Dell-Video)
[    0.256008] ACPI: Added _OSI(Linux-Lenovo-NV-HDMI-Audio)
[    0.257899] ACPI: Added _OSI(Linux-HPI-Hybrid-Graphics)
[    0.260424] ACPI: Executed 1 blocks of module-level executable AML code
[    0.266831] ACPI: Interpreter enabled
[    0.268034] ACPI: (supports S0 S5)
[    0.270041] ACPI: Using IOAPIC for interrupt routing
[    0.272408] PCI: Using host bridge windows from ACPI; if necessary, use "pci=nocrs" and report a bug
[    0.276686] ACPI: Enabled 2 GPEs in block 00 to 07
[    0.307346] ACPI: PCI Root Bridge [PCI0] (domain 0000 [bus 00-ff])
[    0.308023] acpi PNP0A03:00: _OSC: OS supports [ASPM ClockPM Segments MSI]
[    0.314286] acpi PNP0A03:00: _OSC: not requesting OS control; OS requires [ExtendedConfig ASPM ClockPM MSI]
[    0.316033] acpi PNP0A03:00: fail to add MMCONFIG information, can't access extended PCI configuration space under this bridge.
[    0.324995] PCI host bridge to bus 0000:00
[    0.328043] pci_bus 0000:00: root bus resource [io  0x0000-0x0cf7 window]
[    0.332010] pci_bus 0000:00: root bus resource [io  0x0d00-0xffff window]
[    0.336014] pci_bus 0000:00: root bus resource [mem 0x000a0000-0x000bffff window]
[    0.340011] pci_bus 0000:00: root bus resource [mem 0xe0000000-0xfdffffff window]
[    0.344120] pci_bus 0000:00: root bus resource [bus 00-ff]
[    0.358634] pci 0000:00:01.1: legacy IDE quirk: reg 0x10: [io  0x01f0-0x01f7]
[    0.360011] pci 0000:00:01.1: legacy IDE quirk: reg 0x14: [io  0x03f6]
[    0.364025] pci 0000:00:01.1: legacy IDE quirk: reg 0x18: [io  0x0170-0x0177]
[    0.368009] pci 0000:00:01.1: legacy IDE quirk: reg 0x1c: [io  0x0376]
[    0.441432] pci 0000:00:07.0: quirk: [io  0x4000-0x403f] claimed by PIIX4 ACPI
[    0.444032] pci 0000:00:07.0: quirk: [io  0x4100-0x410f] claimed by PIIX4 SMB
[    0.488581] ACPI: PCI Interrupt Link [LNKA] (IRQs 5 9 10 *11)
[    0.493345] ACPI: PCI Interrupt Link [LNKB] (IRQs 5 9 *10 11)
[    0.496221] ACPI: PCI Interrupt Link [LNKC] (IRQs 5 *9 10 11)
[    0.500375] ACPI: PCI Interrupt Link [LNKD] (IRQs 5 9 10 *11)
[    0.505354] SCSI subsystem initialized
[    0.508148] pci 0000:00:02.0: vgaarb: setting as boot VGA device
[    0.511629] pci 0000:00:02.0: vgaarb: VGA device added: decodes=io+mem,owns=io+mem,locks=none
[    0.512013] pci 0000:00:02.0: vgaarb: bridge control possible
[    0.516005] vgaarb: loaded
[    0.520366] ACPI: bus type USB registered
[    0.524059] usbcore: registered new interface driver usbfs
[    0.528025] usbcore: registered new interface driver hub
[    0.532034] usbcore: registered new device driver usb
[    0.536097] EDAC MC: Ver: 3.0.0
[    0.537831] PCI: Using ACPI for IRQ routing
[    0.540843] NetLabel: Initializing
[    0.542376] NetLabel:  domain hash size = 128
[    0.544006] NetLabel:  protocols = UNLABELED CIPSOv4 CALIPSO
[    0.548153] NetLabel:  unlabeled traffic allowed by default
[    0.550431] clocksource: Switched to clocksource kvm-clock
[    0.580014] VFS: Disk quotas dquot_6.6.0
[    0.581559] VFS: Dquot-cache hash table entries: 512 (order 0, 4096 bytes)
[    0.584005] AppArmor: AppArmor Filesystem Enabled
[    0.585621] pnp: PnP ACPI init
[    0.589415] pnp: PnP ACPI: found 3 devices
[    0.601045] clocksource: acpi_pm: mask: 0xffffff max_cycles: 0xffffff, max_idle_ns: 2085701024 ns
[    0.603800] NET: Registered protocol family 2
[    0.605286] TCP established hash table entries: 32768 (order: 6, 262144 bytes)
[    0.607761] TCP bind hash table entries: 32768 (order: 7, 524288 bytes)
[    0.610239] TCP: Hash tables configured (established 32768 bind 32768)
[    0.612529] UDP hash table entries: 2048 (order: 4, 65536 bytes)
[    0.614385] UDP-Lite hash table entries: 2048 (order: 4, 65536 bytes)
[    0.616540] NET: Registered protocol family 1
[    0.618008] pci 0000:00:00.0: Limiting direct PCI/PCI transfers
[    0.621038] pci 0000:00:01.0: Activating ISA DMA hang workarounds
[    0.624166] pci 0000:00:02.0: Video device with shadowed ROM at [mem 0x000c0000-0x000dffff]
[    0.628765] Unpacking initramfs...
[    1.119539] Freeing initrd memory: 19140K
[    1.120915] PCI-DMA: Using software bounce buffering for IO (SWIOTLB)
[    1.122716] software IO TLB: mapped [mem 0xdbff0000-0xdfff0000] (64MB)
[    1.124669] clocksource: tsc: mask: 0xffffffffffffffff max_cycles: 0x2135f5e6f15, max_idle_ns: 440795231538 ns
[    1.127434] platform rtc_cmos: registered platform RTC device (no PNP device found)
[    1.129527] Scanning for low memory corruption every 60 seconds
[    1.131839] Initialise system trusted keyrings
[    1.133125] Key type blacklist registered
[    1.134330] workingset: timestamp_bits=36 max_order=20 bucket_order=0
[    1.137357] zbud: loaded
[    1.139120] squashfs: version 4.0 (2009/01/31) Phillip Lougher
[    1.141478] fuse init (API version 7.26)
[    1.150439] Key type asymmetric registered
[    1.152221] Asymmetric key parser 'x509' registered
[    1.153813] Block layer SCSI generic (bsg) driver version 0.4 loaded (major 246)
[    1.156174] io scheduler noop registered
[    1.157407] io scheduler deadline registered
[    1.158661] io scheduler cfq registered (default)
[    1.160494] ACPI: AC Adapter [AC] (on-line)
[    1.161708] input: Power Button as /devices/LNXSYSTM:00/LNXPWRBN:00/input/input0
[    1.163758] ACPI: Power Button [PWRF]
[    1.164953] input: Sleep Button as /devices/LNXSYSTM:00/LNXSLPBN:00/input/input1
[    1.167485] ACPI: Sleep Button [SLPF]
[    1.170596] ACPI: Battery Slot [BAT0] (battery present)
[    1.172227] Serial: 8250/16550 driver, 32 ports, IRQ sharing enabled
[    1.195801] 00:02: ttyS0 at I/O 0x3f8 (irq = 4, base_baud = 115200) is a 16550A
[    1.201073] Linux agpgart interface v0.103
[    1.204192] loop: module loaded
[    1.208776] scsi host0: ata_piix
[    1.210494] scsi host1: ata_piix
[    1.211514] ata1: PATA max UDMA/33 cmd 0x1f0 ctl 0x3f6 bmdma 0xd000 irq 14
[    1.213486] ata2: PATA max UDMA/33 cmd 0x170 ctl 0x376 bmdma 0xd008 irq 15
[    1.215425] libphy: Fixed MDIO Bus: probed
[    1.216798] tun: Universal TUN/TAP device driver, 1.6
[    1.218233] PPP generic driver version 2.4.2
[    1.219428] ehci_hcd: USB 2.0 'Enhanced' Host Controller (EHCI) Driver
[    1.221528] ehci-pci: EHCI PCI platform driver
[    1.223075] ehci-platform: EHCI generic platform driver
[    1.225165] ohci_hcd: USB 1.1 'Open' Host Controller (OHCI) Driver
[    1.227360] ohci-pci: OHCI PCI platform driver
[    1.228698] ohci-platform: OHCI generic platform driver
[    1.230232] uhci_hcd: USB Universal Host Controller Interface driver
[    1.232322] i8042: PNP: PS/2 Controller [PNP0303:PS2K,PNP0f03:PS2M] at 0x60,0x64 irq 1,12
[    1.235860] serio: i8042 KBD port at 0x60,0x64 irq 1
[    1.237808] serio: i8042 AUX port at 0x60,0x64 irq 12
[    1.240154] mousedev: PS/2 mouse device common for all mice
[    1.243047] input: AT Translated Set 2 keyboard as /devices/platform/i8042/serio0/input/input2
[    1.247190] rtc_cmos rtc_cmos: rtc core: registered rtc_cmos as rtc0
[    1.250322] rtc_cmos rtc_cmos: alarms up to one day, 114 bytes nvram
[    1.253318] i2c /dev entries driver
[    1.255236] device-mapper: uevent: version 1.0.3
[    1.257652] device-mapper: ioctl: 4.37.0-ioctl (2017-09-20) initialised: dm-devel@redhat.com
[    1.261177] ledtrig-cpu: registered to indicate activity on CPUs
[    1.263549] NET: Registered protocol family 10
[    1.270058] Segment Routing with IPv6
[    1.271388] NET: Registered protocol family 17
[    1.272981] Key type dns_resolver registered
[    1.274883] mce: Using 0 MCE banks
[    1.276398] RAS: Correctable Errors collector initialized.
[    1.278667] sched_clock: Marking stable (1276346853, 0)->(1685893833, -409546980)
[    1.282851] registered taskstats version 1
[    1.284582] Loading compiled-in X.509 certificates
[    1.290163] Loaded X.509 cert 'Build time autogenerated kernel key: 3a65b6a3c8b5d6b297d77c25be9161529933bc49'
[    1.294802] zswap: loaded using pool lzo/zbud
[    1.302695] Key type big_key registered
[    1.304826] Key type trusted registered
[    1.309808] Key type encrypted registered
[    1.311461] AppArmor: AppArmor sha1 policy hashing enabled
[    1.313321] ima: No TPM chip found, activating TPM-bypass! (rc=-19)
[    1.315163] ima: Allocated hash algorithm: sha1
[    1.317387] evm: HMAC attrs: 0x1
[    1.318974]   Magic number: 12:39:442
[    1.320326] rtc_cmos rtc_cmos: setting system clock to 2020-03-25 17:26:28 UTC (1585157188)
[    1.323107] BIOS EDD facility v0.16 2004-Jun-25, 0 devices found
[    1.325410] EDD information not available.
[    1.379756] Freeing unused kernel image memory: 2436K
[    1.392195] Write protecting the kernel read-only data: 20480k
[    1.396798] Freeing unused kernel image memory: 2008K
[    1.400136] Freeing unused kernel image memory: 1888K
[    1.412118] x86/mm: Checked W+X mappings: passed, no W+X pages found.
[    1.413948] x86/mm: Checking user space page tables
[    1.424356] x86/mm: Checked W+X mappings: passed, no W+X pages found.
Loading, please wait...
starting version 237
[    1.511136] Fusion MPT base driver 3.04.20
[    1.513138] Copyright (c) 1999-2008 LSI Corporation
[    1.520973] e1000: Intel(R) PRO/1000 Network Driver - version 7.3.21-k8-NAPI
[    1.522976] e1000: Copyright (c) 1999-2006 Intel Corporation.
[    1.533386] Fusion MPT SPI Host driver 3.04.20
[    1.563470] AVX2 version of gcm_enc/dec engaged.
[    1.565073] AES CTR mode by8 optimization enabled
[    1.738606] input: ImExPS/2 Generic Explorer Mouse as /devices/platform/i8042/serio1/input/input4
[    2.018781] e1000 0000:00:03.0 eth0: (PCI:33MHz:32-bit) 02:2b:96:53:67:6c
[    2.021038] e1000 0000:00:03.0 eth0: Intel(R) PRO/1000 Network Connection
[    2.024182] mptbase: ioc0: Initiating bringup
[    2.120306] ioc0: LSI53C1030 A0: Capabilities={Initiator}
[    2.363754] scsi host2: ioc0: LSI53C1030 A0, FwRev=00000000h, Ports=1, MaxQ=256, IRQ=20
[    2.532872] scsi 2:0:0:0: Direct-Access     VBOX     HARDDISK         1.0  PQ: 0 ANSI: 5
[    2.581701] scsi target2:0:0: Beginning Domain Validation
[    2.586014] scsi target2:0:0: Domain Validation skipping write tests
[    2.588293] scsi target2:0:0: Ending Domain Validation
[    2.590467] scsi target2:0:0: asynchronous
[    2.592861] scsi 2:0:1:0: Direct-Access     VBOX     HARDDISK         1.0  PQ: 0 ANSI: 5
[    2.936119] scsi target2:0:1: Beginning Domain Validation
[    2.940052] random: fast init done
[    2.942557] scsi target2:0:1: Domain Validation skipping write tests
[    2.945100] scsi target2:0:1: Ending Domain Validation
[    2.946862] scsi target2:0:1: asynchronous
[    2.955361] random: systemd-udevd: uninitialized urandom read (16 bytes read)
[    2.958382] random: systemd-udevd: uninitialized urandom read (16 bytes read)
[    2.961424] sd 2:0:0:0: Attached scsi generic sg0 type 0
[    2.964864] sd 2:0:0:0: [sda] 20971520 512-byte logical blocks: (10.7 GB/10.0 GiB)
[    2.969466] sd 2:0:0:0: [sda] Write Protect is off
[    2.971724] sd 2:0:1:0: Attached scsi generic sg1 type 0
[    2.973898] random: systemd-udevd: uninitialized urandom read (16 bytes read)
[    2.977519] sd 2:0:1:0: [sdb] 20480 512-byte logical blocks: (10.5 MB/10.0 MiB)
[    2.980384] sd 2:0:0:0: [sda] Incomplete mode parameter data
[    2.983112] sd 2:0:0:0: [sda] Assuming drive cache: write through
[    2.985834] sd 2:0:1:0: [sdb] Write Protect is off
[    2.987743] sd 2:0:1:0: [sdb] Incomplete mode parameter data
[    2.990200] sd 2:0:1:0: [sdb] Assuming drive cache: write through
[    2.995058]  sda: sda1
[    2.997518] sd 2:0:1:0: [sdb] Attached SCSI disk
[    2.999478] sd 2:0:0:0: [sda] Attached SCSI disk
[    3.048166] e1000 0000:00:08.0 eth1: (PCI:33MHz:32-bit) 08:00:27:97:1c:fd
[    3.050494] e1000 0000:00:08.0 eth1: Intel(R) PRO/1000 Network Connection
[    3.054825] e1000 0000:00:03.0 enp0s3: renamed from eth0
[    3.093171] e1000 0000:00:08.0 enp0s8: renamed from eth1
Begin: Loading essential drivers ... [    4.572112] raid6: sse2x1   gen()  9004 MB/s
[    4.620530] raid6: sse2x1   xor()  4885 MB/s
[    4.668298] raid6: sse2x2   gen()  9597 MB/s
[    4.716205] raid6: sse2x2   xor()  6790 MB/s
[    4.764142] raid6: sse2x4   gen() 11937 MB/s
[    4.812148] raid6: sse2x4   xor()  6698 MB/s
[    4.860127] raid6: avx2x1   gen() 15401 MB/s
[    4.908148] raid6: avx2x1   xor()  9933 MB/s
[    4.956059] raid6: avx2x2   gen() 20799 MB/s
[    5.004228] raid6: avx2x2   xor() 12565 MB/s
[    5.052168] raid6: avx2x4   gen() 20945 MB/s
[    5.100129] raid6: avx2x4   xor() 11865 MB/s
[    5.101512] raid6: using algorithm avx2x4 gen() 20945 MB/s
[    5.103387] raid6: .... xor() 11865 MB/s, rmw enabled
[    5.104981] raid6: using avx2x2 recovery algorithm
[    5.108357] xor: automatically using best checksumming function   avx       
[    5.112707] async_tx: api initialized (async)
done.
Begin: Running /scripts/init-premount ... done.
Begin: Mounting root file system ... Begin: Running /scripts/local-top ... done.
Begin: Running /scripts/local-premount ... [    5.177938] Btrfs loaded, crc32c=crc32c-intel
Scanning for Btrfs filesystems
done.
Warning: fsck not present, so skipping root file system
[    5.218806] EXT4-fs (sda1): mounted filesystem with ordered data mode. Opts: (null)
done.
Begin: Running /scripts/local-bottom ... done.
Begin: Running /scripts/init-bottom ... done.
[    5.387608] ip_tables: (C) 2000-2006 Netfilter Core Team
[    5.396308] systemd[1]: systemd 237 running in system mode. (+PAM +AUDIT +SELINUX +IMA +APPARMOR +SMACK +SYSVINIT +UTMP +LIBCRYPTSETUP +GCRYPT +GNUTLS +ACL +XZ +LZ4 +SECCOMP +BLKID +ELFUTILS +KMOD -IDN2 +IDN -PCRE2 default-hierarchy=hybrid)
[    5.403754] systemd[1]: Detected virtualization oracle.
[    5.405467] systemd[1]: Detected architecture x86-64.

Welcome to [1mUbuntu 18.04.3 LTS[0m!

[    5.412939] systemd[1]: Set hostname to <ubuntu>.
[    5.417587] systemd[1]: Initializing machine ID from random generator.
[    5.419769] systemd[1]: Installed transient /etc/machine-id file.
[    5.644941] systemd[1]: Started Forward Password Requests to Wall Directory Watch.
[[0;32m  OK  [0m] Started Forward Password Requests to Wall Directory Watch.
[    5.651381] systemd[1]: Created slice User and Session Slice.
[[0;32m  OK  [0m] Created slice User and Session Slice.
[    5.655141] systemd[1]: Reached target User and Group Name Lookups.
[[0;32m  OK  [0m] Reached target User and Group Name Lookups.
[    5.658751] systemd[1]: Reached target System Time Synchronized.
[[0;32m  OK  [0m] Reached target System Time Synchronized.
[[0;32m  OK  [0m] Created slice System Slice.
[[0;32m  OK  [0m] Created slice system-serial\x2dgetty.slice.
[[0;32m  OK  [0m] Listening on LVM2 poll daemon socket.
[[0;32m  OK  [0m] Listening on LVM2 metadata daemon socket.
[[0;32m  OK  [0m] Listening on Network Service Netlink Socket.
[[0;32m  OK  [0m] Listening on /dev/initctl Compatibility Named Pipe.
[[0;32m  OK  [0m] Reached target Slices.
[[0;32m  OK  [0m] Listening on Journal Socket (/dev/log).
[[0;32m  OK  [0m] Listening on Device-mapper event daemon FIFOs.
[[0;32m  OK  [0m] Listening on udev Kernel Socket.
[[0;32m  OK  [0m] Set up automount Arbitrary Executab…rmats File System Automount Point.
[[0;32m  OK  [0m] Listening on Journal Socket.
         Starting Create list of required st…ce nodes for the current kernel...
         Starting Uncomplicated firewall...
         Mounting POSIX Message Queue File System...
         Starting Load Kernel Modules...
         Starting Monitoring of LVM2 mirrors…ng dmeventd or progress polling...
         Starting Set the console keyboard layout...
         Starting Remount Root and Kernel File Systems...
         Mounting Huge Pages File System...
         Mounting Kernel Debug File System...
[[0;32m  OK  [0m] Listening on Journal Audit Socket.
[    5.812747] Loading iSCSI transport class v2.0-870.
[[0;32m  OK  [0m] Listening on udev Control Socket.
         Starting udev Coldplug all Devices...
[[0;32m  OK  [0m] Listening on Syslog Socket.
[    5.824287] iscsi: registered transport (tcp)
         Starting Journal Service...
[[0;32m  OK  [0m] Reached target Swap.
[[0;32m  OK  [0m] Started Create list of required sta…vice nodes for the current kernel.
[[0;32m  OK  [0m] Started Uncomplicated firewall.
[[0;32m  OK  [0m] Mounted POSIX Message Queue File System.
[[0;32m  OK  [0m] Mounted Huge Pages File System.
[[0;32m  OK  [0m] Mounted Kernel Debug File System.
[[0;32m  OK  [0m] Started LVM2 metadata daemon.
[    5.871933] EXT4-fs (sda1): re-mounted. Opts: (null)
         Starting Create Static Device Nodes in /dev...
[[0;32m  OK  [0m] Started Remount Root and Kernel File Systems.
         Starting Load/Save Random Seed...
[[0;32m  OK  [0m] Started Create Static Device Nodes in /dev.
         Starting udev Kernel Device Manager...
[[0;32m  OK  [0m] Started udev Coldplug all Devices.
[    5.930958] iscsi: registered transport (iser)
[[0;32m  OK  [0m] Started Load Kernel Modules.
         Starting Apply Kernel Variables...
         Mounting FUSE Control File System...
         Mounting Kernel Configuration File System...
[[0;32m  OK  [0m] Mounted Kernel Configuration File System.
[[0;32m  OK  [0m] Mounted FUSE Control File System.
[[0;32m  OK  [0m] Started Journal Service.
         Starting Flush Journal to Persistent Storage...
[[0;32m  OK  [0m] Started Monitoring of LVM2 mirrors,…sing dmeventd or progress polling.
[[0;32m  OK  [0m] Started udev Kernel Device Manager.
[[0;32m  OK  [0m] Started Load/Save Random Seed.
[[0;32m  OK  [0m] Started Apply Kernel Variables.
[[0;32m  OK  [0m] Started Flush Journal to Persistent Storage.
[[0;32m  OK  [0m] Found device /dev/ttyS0.
[[0;32m  OK  [0m] Listening on Load/Save RF Kill Switch Status /dev/rfkill Watch.
[[0;32m  OK  [0m] Started Set the console keyboard layout.
[[0;32m  OK  [0m] Started Dispatch Password Requests to Console Directory Watch.
[[0;32m  OK  [0m] Reached target Local Encrypted Volumes.
[[0;32m  OK  [0m] Reached target Local File Systems (Pre).
[[0;32m  OK  [0m] Reached target Local File Systems.
         Starting Commit a transient machine-id on disk...
         Starting Create Volatile Files and Directories...
         Starting Tell Plymouth To Write Out Runtime Data...
         Starting Set console font and keymap...
         Starting ebtables ruleset management...
         Starting AppArmor initialization...
[[0;32m  OK  [0m] Started Tell Plymouth To Write Out Runtime Data.
[[0;32m  OK  [0m] Started Set console font and keymap.
[[0;32m  OK  [0m] Started Create Volatile Files and Directories.
         Starting Update UTMP about System Boot/Shutdown...
[[0;32m  OK  [0m] Started Commit a transient machine-id on disk.
[[0;32m  OK  [0m] Started Update UTMP about System Boot/Shutdown.
[[0;32m  OK  [0m] Started ebtables ruleset management.
[[0;32m  OK  [0m] Started AppArmor initialization.
         Starting Initial cloud-init job (pre-networking)...
[    9.192528] cloud-init[676]: Cloud-init v. 19.2-36-g059d049c-0ubuntu2~18.04.1 running 'init-local' at Wed, 25 Mar 2020 17:26:35 +0000. Up 8.75 seconds.
[[0;32m  OK  [0m] Started Initial cloud-init job (pre-networking).
[[0;32m  OK  [0m] Reached target Network (Pre).
         Starting Network Service...
[[0;32m  OK  [0m] Started Network Service.
         Starting Network Name Resolution...
         Starting Wait for Network to be Configured...
[[0;32m  OK  [0m] Started Network Name Resolution.
[[0;32m  OK  [0m] Reached target Host and Network Name Lookups.
[[0;32m  OK  [0m] Reached target Network.
[[0;32m  OK  [0m] Started Wait for Network to be Configured.
         Starting Initial cloud-init job (metadata service crawler)...
[   11.232403] cloud-init[794]: Cloud-init v. 19.2-36-g059d049c-0ubuntu2~18.04.1 running 'init' at Wed, 25 Mar 2020 17:26:38 +0000. Up 11.07 seconds.
[   11.236142] cloud-init[794]: ci-info: ++++++++++++++++++++++++++++++++++++++Net device info+++++++++++++++++++++++++++++++++++++++
[   11.248506] cloud-init[794]: ci-info: +--------+-------+----------------------------+---------------+--------+-------------------+
[   11.251723] cloud-init[794]: ci-info: | Device |   Up  |          Address           |      Mask     | Scope  |     Hw-Address    |
[   11.254895] cloud-init[794]: ci-info: +--------+-------+----------------------------+---------------+--------+-------------------+
[   11.258046] cloud-init[794]: ci-info: | enp0s3 |  True |         10.0.2.15          | 255.255.255.0 | global | 02:2b:96:53:67:6c |
[   11.260542] cloud-init[794]: ci-info: | enp0s3 |  True | fe80::2b:96ff:fe53:676c/64 |       .       |  link  | 02:2b:96:53:67:6c |
[   11.264472] cloud-init[794]: ci-info: | enp0s8 | False |             .              |       .       |   .    | 08:00:27:97:1c:fd |
[   11.268202] cloud-init[794]: ci-info: |   lo   |  True |         127.0.0.1          |   255.0.0.0   |  host  |         .         |
[   11.271819] cloud-init[794]: ci-info: |   lo   |  True |          ::1/128           |       .       |  host  |         .         |
[   11.275333] cloud-init[794]: ci-info: +--------+-------+----------------------------+---------------+--------+-------------------+
[   11.279890] cloud-init[794]: ci-info: ++++++++++++++++++++++++++++Route IPv4 info+++++++++++++++++++++++++++++
[   11.292542] cloud-init[794]: ci-info: +-------+-------------+----------+-----------------+-----------+-------+
[   11.296537] cloud-init[794]: ci-info: | Route | Destination | Gateway  |     Genmask     | Interface | Flags |
[   11.300161] cloud-init[794]: ci-info: +-------+-------------+----------+-----------------+-----------+-------+
[   11.303708] cloud-init[794]: ci-info: |   0   |   0.0.0.0   | 10.0.2.2 |     0.0.0.0     |   enp0s3  |   UG  |
[   11.307054] cloud-init[794]: ci-info: |   1   |   10.0.2.0  | 0.0.0.0  |  255.255.255.0  |   enp0s3  |   U   |
[   11.311052] cloud-init[794]: ci-info: |   2   |   10.0.2.2  | 0.0.0.0  | 255.255.255.255 |   enp0s3  |   UH  |
[   11.314656] cloud-init[794]: ci-info: +-------+-------------+----------+-----------------+-----------+-------+
[   11.318450] cloud-init[794]: ci-info: +++++++++++++++++++Route IPv6 info+++++++++++++++++++
[   11.321224] cloud-init[794]: ci-info: +-------+-------------+---------+-----------+-------+
[   11.324681] cloud-init[794]: ci-info: | Route | Destination | Gateway | Interface | Flags |
[   11.327393] cloud-init[794]: ci-info: +-------+-------------+---------+-----------+-------+
[   11.335736] cloud-init[794]: ci-info: |   1   |  fe80::/64  |    ::   |   enp0s3  |   U   |
[   11.338465] cloud-init[794]: ci-info: |   3   |    local    |    ::   |   enp0s3  |   U   |
[   11.341715] cloud-init[794]: ci-info: |   4   |   ff00::/8  |    ::   |   enp0s3  |   U   |
[   11.344671] cloud-init[794]: ci-info: +-------+-------------+---------+-----------+-------+
[   11.916171] cloud-init[794]: Generating public/private rsa key pair.
[   11.917758] cloud-init[794]: Your identification has been saved in /etc/ssh/ssh_host_rsa_key.
[   11.919915] cloud-init[794]: Your public key has been saved in /etc/ssh/ssh_host_rsa_key.pub.
[   11.921796] cloud-init[794]: The key fingerprint is:
[   11.932667] cloud-init[794]: SHA256:XHEefk9s/A6riBdUSITekkuTlpcWG3LsJOasTMhY9UU root@ubuntu-bionic
[   11.935549] cloud-init[794]: The key's randomart image is:
[   11.937128] cloud-init[794]: +---[RSA 2048]----+
[   11.938827] cloud-init[794]: |     ..  *E.o    |
[   11.940266] cloud-init[794]: |    .  .=.B=.. o |
[   11.941968] cloud-init[794]: |   + . =.@.*o . =|
[   11.952767] cloud-init[794]: |  . o ..%.O  . +.|
[   11.954004] cloud-init[794]: |     o +SB    . o|
[   11.955233] cloud-init[794]: |      o . .    + |
[   11.956028] cloud-init[794]: |           .  . .|
[   11.957382] cloud-init[794]: |         ... .   |
[   11.958534] cloud-init[794]: |        ... .    |
[   11.959859] cloud-init[794]: +----[SHA256]-----+
[   11.961125] cloud-init[794]: Generating public/private dsa key pair.
[   11.963242] cloud-init[794]: Your identification has been saved in /etc/ssh/ssh_host_dsa_key.
[   11.965555] cloud-init[794]: Your public key has been saved in /etc/ssh/ssh_host_dsa_key.pub.
[   11.967917] cloud-init[794]: The key fingerprint is:
[   11.969597] cloud-init[794]: SHA256:emz6zTOKPw04wf1TCVKdhCGIrSf6uVERijLeDfKZ/ZU root@ubuntu-bionic
[   11.971522] cloud-init[794]: The key's randomart image is:
[   11.973196] cloud-init[794]: +---[DSA 1024]----+
[   11.975073] cloud-init[794]: |     o....o=..   |
[   11.976795] cloud-init[794]: |   ...o...o o    |
[   11.978356] cloud-init[794]: |o....o.. . . .   |
[   11.980157] cloud-init[794]: |.o+ O +.. . o    |
[   11.981829] cloud-init[794]: | . * =.oSE .     |
[   11.982900] cloud-init[794]: |  .  .+oo o      |
[   11.984219] cloud-init[794]: |   ....o+o .     |
[   11.985667] cloud-init[794]: |    o. =.o+      |
[   11.986924] cloud-init[794]: |    ..oo+ooo     |
[   12.000522] cloud-init[794]: +----[SHA256]-----+
[   12.002163] cloud-init[794]: Generating public/private ecdsa key pair.
[   12.004332] cloud-init[794]: Your identification has been saved in /etc/ssh/ssh_host_ecdsa_key.
[   12.016464] cloud-init[794]: Your public key has been saved in /etc/ssh/ssh_host_ecdsa_key.pub.
[   12.019763] cloud-init[794]: The key fingerprint is:
[   12.021645] cloud-init[794]: SHA256:k+Iz8Lw7qaLqAe0BSrwEzRncnlJ73jsYQEqpd058T8Y root@ubuntu-bionic
[   12.024873] cloud-init[794]: The key's randomart image is:
[   12.027445] cloud-init[794]: +---[ECDSA 256]---+
[   12.040396] cloud-init[794]: |.+.=             |
[   12.042179] cloud-init[794]: |o B +            |
[   12.043864] cloud-init[794]: |.* * o .         |
[   12.045482] cloud-init[794]: |=o= O o E.       |
[   12.047310] cloud-init[794]: |ooo=.=.=S        |
[   12.049345] cloud-init[794]: |.. ..=o.o.       |
[   12.051220] cloud-init[794]: | ..   *+ .       |
[[0;32m  OK  [0m] Started Initial cloud-init job (metadata service crawler).
[[0;32m  OK  [0m] Reached target Network is Online.
[   12.070462] cloud-init[794]: |  o   ++o        |
[   12.090452] cloud-init[794]: |=o ...oo .       |
[   12.092327] cloud-init[794]: +----[SHA256]-----+
[   12.093939] cloud-init[794]: Generating public/private ed25519 key pair.
[   12.096328] cloud-init[794]: Your identification has been saved in /etc/ssh/ssh_host_ed25519_key.
[   12.099606] cloud-init[794]: Your public key has been saved in /etc/ssh/ssh_host_ed25519_key.pub.
         [   12.112218] cloud-init[794]: The key fingerprint is:
[   12.112473] cloud-init[794]: SHA256:XKGQ0FP7u8lZvzX7LIzRIWnV441YrtXaCKFlYCxr71k root@ubuntu-bionic
[   12.113328] cloud-init[794]: The key's randomart image is:
[   12.113464] cloud-init[794]: Starting Availability of block devices...+--[ED25519 256]--+

[[0;32m  OK  [0m] Reached target Remote File Systems (Pre).
[[0;32m  OK  [0m] Reached target Remote File Systems.
[[0;32m  OK  [0m] Reached target System Initialization.
[[0;32m  OK  [0m] Started Message of the Day.
[[0;32m  OK  [0m] Started Daily apt download activities.
[[0;32m  OK  [0m] Started Daily apt upgrade and clean activities.
[[0;32m  OK  [0m] Listening on UUID daemon activation socket.
[   12.113948] cloud-init[794]: |    .o.o..+.   . |         Starting Socket activation for snappy daemon.
[[0;32m  OK  [0m] Listening on ACPID Listen Socket.

[   12.154769] cloud-init[794]: |      +..+..+ o..|
[   12.155841] cloud-init[794]: |       .oo.+ B.oo|
[   12.157025] cloud-init[794]: |       .oo. * =.o|
[   12.158194] cloud-init[794]: |       .S... * = |
[   12.159511] cloud-init[794]: |          ..E + .|
[[0;32m  OK  [0m] Started ACPI Events Check.
[   12.164714] [[0;32m  OK  [0m] Started Discard unused blocks once a week.
[[0;32m  OK  [0m] Listening on Open-iSCSI iscsid Socket.
[[0;32m  OK  [0m] Reached target Paths.
[[0;32m  OK  [0m] Listening on D-Bus System Message Bus Socket.
[[0;32m  OK  [0m] Started Daily Cleanup of Temporary Directories.
[[0;32m  OK  [0m] Reached target Timers.
         Starting LXD - unix socket.
[[0;32m  OK  [0m] Reached target Cloud-config availability.
cloud-init[794]: |         ..o.+ ..|
[   12.173080] cloud-init[794]: |         .o=..ooo|
[   12.173941] [[0;32m  OK  [0m] Started Availability of block devices.
[[0;32m  OK  [0m] Listening on Socket activation for snappy daemon.
[[0;32m  OK  [0m] Listening on LXD - unix socket.
[[0;32m  OK  [0m] Reached target Sockets.
[[0;32m  OK  [0m] Reached target Basic System.
cloud-init[794]: |          =   o++|
[   12.184207] cloud-init[794]: +----[SHA256]-----+
         Starting Dispatcher daemon for systemd-networkd...
[[0;32m  OK  [0m] Started FUSE filesystem for LXC.
         Starting LSB: Record successful boot for GRUB...
[[0;32m  OK  [0m] Started Regular background program processing daemon.
         Starting LSB: automatic crash report generation...
         Starting Login Service...
         Starting Pollinate to seed the pseudo random number generator...
[[0;32m  OK  [0m] Started irqbalance daemon.
         Starting Virtualbox guest utils...
[[0;32m  OK  [0m] Started Deferred execution scheduler.
         Starting Permit User Sessions...
         Starting System Logging Service...
[[0;32m  OK  [0m] Started D-Bus System Message Bus.
[[0;32m  OK  [0m] Started Login Service.
[[0;32m  OK  [0m] Started Unattended Upgrades Shutdown.
         Starting LXD - container startup/shutdown...
         Starting Accounts Service...
         Starting Snappy daemon...
[[0;32m  OK  [0m] Started System Logging Service.
[[0;32m  OK  [0m] Started Permit User Sessions.
         Starting Hold until boot process finishes up...
         Starting Terminate Plymouth Boot Screen...
[[0;32m  OK  [0m] Started Hold until boot process finishes up.
[[0;32m  OK  [0m] Started Serial Getty on ttyS0.
         Starting Set console scheme...
[[0;32m  OK  [0m] Started Terminate Plymouth Boot Screen.
[[0;32m  OK  [0m] Started LXD - container startup/shutdown.
[[0;32m  OK  [0m] Started Set console scheme.
[[0;32m  OK  [0m] Created slice system-getty.slice.
[[0;32m  OK  [0m] Started Getty on tty1.
[[0;32m  OK  [0m] Reached target Login Prompts.
         Starting Authorization Manager...
[[0;32m  OK  [0m] Started LSB: automatic crash report generation.
[[0;32m  OK  [0m] Started LSB: Record successful boot for GRUB.
[[0;32m  OK  [0m] Started Virtualbox guest utils.
[[0;32m  OK  [0m] Started Authorization Manager.
[[0;32m  OK  [0m] Started Accounts Service.
[[0;32m  OK  [0m] Started Dispatcher daemon for systemd-networkd.
[[0;32m  OK  [0m] Started Snappy daemon.
         Starting Wait until snapd is fully seeded...
[[0;32m  OK  [0m] Started Pollinate to seed the pseudo random number generator.
         Starting OpenBSD Secure Shell server...
[[0;32m  OK  [0m] Started OpenBSD Secure Shell server.
[[0;32m  OK  [0m] Created slice User Slice of vagrant.
         Starting User Manager for UID 1000...
[[0;32m  OK  [0m] Started Session 1 of user vagrant.
[[0;32m  OK  [0m] Started User Manager for UID 1000.
[[0;32m  OK  [0m] Started Wait until snapd is fully seeded.
         Starting Apply the settings specified in cloud-config...
[[0;32m  OK  [0m] Reached target Multi-User System.
[[0;32m  OK  [0m] Reached target Graphical Interface.
         Starting Update UTMP about System Runlevel Changes...
[[0;32m  OK  [0m] Started Update UTMP about System Runlevel Changes.
[   15.349643] cloud-init[1255]: Cloud-init v. 19.2-36-g059d049c-0ubuntu2~18.04.1 running 'modules:config' at Wed, 25 Mar 2020 17:26:41 +0000. Up 14.78 seconds.
[[0;32m  OK  [0m] Started Apply the settings specified in cloud-config.
         Starting Execute cloud user/final scripts...
ci-info: no authorized ssh keys fingerprints found for user ubuntu.
<14>Mar 25 17:26:43 ec2: 
<14>Mar 25 17:26:43 ec2: #############################################################
<14>Mar 25 17:26:43 ec2: -----BEGIN SSH HOST KEY FINGERPRINTS-----
<14>Mar 25 17:26:43 ec2: 1024 SHA256:emz6zTOKPw04wf1TCVKdhCGIrSf6uVERijLeDfKZ/ZU root@ubuntu-bionic (DSA)
<14>Mar 25 17:26:43 ec2: 256 SHA256:k+Iz8Lw7qaLqAe0BSrwEzRncnlJ73jsYQEqpd058T8Y root@ubuntu-bionic (ECDSA)
<14>Mar 25 17:26:43 ec2: 256 SHA256:XKGQ0FP7u8lZvzX7LIzRIWnV441YrtXaCKFlYCxr71k root@ubuntu-bionic (ED25519)
<14>Mar 25 17:26:43 ec2: 2048 SHA256:XHEefk9s/A6riBdUSITekkuTlpcWG3LsJOasTMhY9UU root@ubuntu-bionic (RSA)
<14>Mar 25 17:26:43 ec2: -----END SSH HOST KEY FINGERPRINTS-----
<14>Mar 25 17:26:43 ec2: #############################################################
-----BEGIN SSH HOST KEY KEYS-----
ecdsa-sha2-nistp256 AAAAE2VjZHNhLXNoYTItbmlzdHAyNTYAAAAIbmlzdHAyNTYAAABBBDLTPpCClcen3zHvv5t/vvjDTYjdox/MZWXpt9S3xFZVpyqUJXt5Npk9sWVaxztzMXN4oW6Vj0gCvhjkejxPOOM= root@ubuntu-bionic
ssh-ed25519 AAAAC3NzaC1lZDI1NTE5AAAAIH3yMegddrN+pjIrSqUlm+pDAZ4ILP0IPIFQfq7DXJ14 root@ubuntu-bionic
ssh-rsa AAAAB3NzaC1yc2EAAAADAQABAAABAQDr9fZUrJMQvpV7ICRWNOzxeI/4WkZwDZAynoiNjnw+Z0CWDduJ9vdMWoVvSoeAW8E+KwuC8WqhUc5qbEtxFvX01xNruPjDbfw0XlXmYXNVkFYbo/qlZjxtnIS7TM70VY+s1RXU1/dS4DYG7/E45ftlTQS+KJ8ew3LHK6kFKdiwOL0uqcwZ/QKtkQs4ZKRAQlTC7l942iTx5PfUriSKlSb1zqwii2GMApoGqNYjmxv0DvJEcGvHzgLhP165GruJTE6wbvMfUklkZ98DzwAjqUoNMIWOPmksp62HKa+2qoV5gRTStdz2BEDv8YmFKciojPd3mk7m3TSYIgjMekS8Nyyr root@ubuntu-bionic
-----END SSH HOST KEY KEYS-----
[   16.224719] cloud-init[1330]: Cloud-init v. 19.2-36-g059d049c-0ubuntu2~18.04.1 running 'modules:final' at Wed, 25 Mar 2020 17:26:43 +0000. Up 16.00 seconds.
[   16.229595] cloud-init[1330]: ci-info: no authorized ssh keys fingerprints found for user ubuntu.
[   16.232327] cloud-init[1330]: Cloud-init v. 19.2-36-g059d049c-0ubuntu2~18.04.1 finished at Wed, 25 Mar 2020 17:26:43 +0000. Datasource DataSourceNoCloud [seed=/dev/sdb][dsmode=net].  Up 16.21 seconds
[[0;32m  OK  [0m] Started Execute cloud user/final scripts.
[[0;32m  OK  [0m] Reached target Cloud-init target.

Ubuntu 18.04.3 LTS ubuntu-bionic ttyS0

ubuntu-bionic login: 